<?xml version="1.0" encoding="UTF-8"?>
<robot generator="Robot 6.0.2 (Python 3.11.3 on win32)" generated="20230510 09:36:21.218" rpa="false" schemaversion="3">
<suite id="s1" name="Adsesy robot" source="D:\Project\project\Adsesy\Adsesy_robot">
<suite id="s1-s1" name="Testcases" source="D:\Project\project\Adsesy\Adsesy_robot\testcases">
<suite id="s1-s1-s1" name="loginScreen" source="D:\Project\project\Adsesy\Adsesy_robot\testcases\loginScreen">
<suite id="s1-s1-s1-s1" name="Login Valid" source="D:\Project\project\Adsesy\Adsesy_robot\testcases\loginScreen\login_valid.robot">
<test id="s1-s1-s1-s1-t1" name="TC4: Đăng nhập không thành công khi tài khoản có status là không hoạt động (singup but no get otp)" line="43">
<kw name="Open browser Adsesy" library="common_use" type="SETUP">
<kw name="Open Browser" library="SeleniumLibrary">
<arg>https://test.adsesy.com/login/</arg>
<arg>chrome</arg>
<arg>adsesy</arg>
<doc>Opens a new browser instance to the optional ``url``.</doc>
<msg timestamp="20230510 09:36:21.420" level="INFO">Opening browser 'chrome' to base url 'https://test.adsesy.com/login/'.</msg>
<msg timestamp="20230510 09:36:21.433" level="INFO">Executing: C:\Users\ByDuo\AppData\Local\Packages\PythonSoftwareFoundation.Python.3.11_qbz5n2kfra8p0\LocalCache\local-packages\Python311\site-packages\selenium\webdriver\common\windows\selenium-manager.exe --browser chrome --output json</msg>
<status status="PASS" starttime="20230510 09:36:21.419" endtime="20230510 09:36:27.217"/>
</kw>
<kw name="Wait until element is visibled on the screen" library="element_common">
<arg>${btn_logIn}</arg>
<kw name="Wait Until Keyword Succeeds" library="BuiltIn">
<arg>${timeout}</arg>
<arg>${time_retry}</arg>
<arg>Wait Until Element Is Visible</arg>
<arg>${xpath}</arg>
<arg>${timeout}</arg>
<arg>error= Cannot find ${xpath} element</arg>
<doc>Runs the specified keyword and retries if it fails.</doc>
<kw name="Wait Until Element Is Visible" library="SeleniumLibrary">
<arg>${xpath}</arg>
<arg>${timeout}</arg>
<arg>error= Cannot find ${xpath} element</arg>
<doc>Waits until the element ``locator`` is visible.</doc>
<status status="PASS" starttime="20230510 09:36:27.218" endtime="20230510 09:36:27.239"/>
</kw>
<status status="PASS" starttime="20230510 09:36:27.218" endtime="20230510 09:36:27.239"/>
</kw>
<status status="PASS" starttime="20230510 09:36:27.217" endtime="20230510 09:36:27.239"/>
</kw>
<kw name="Maximize Browser Window" library="SeleniumLibrary">
<doc>Maximizes current browser window.</doc>
<status status="PASS" starttime="20230510 09:36:27.240" endtime="20230510 09:36:27.359"/>
</kw>
<status status="PASS" starttime="20230510 09:36:21.419" endtime="20230510 09:36:27.360"/>
</kw>
<kw name="Go to sign up page and input information" library="signupScreen_keywords">
<arg>${mail}123@ruu.kr</arg>
<kw name="Click on element on the screen" library="element_common">
<arg>${href_signUp}</arg>
<kw name="Wait until element is visibled on the screen" library="element_common">
<arg>${xpath}</arg>
<kw name="Wait Until Keyword Succeeds" library="BuiltIn">
<arg>${timeout}</arg>
<arg>${time_retry}</arg>
<arg>Wait Until Element Is Visible</arg>
<arg>${xpath}</arg>
<arg>${timeout}</arg>
<arg>error= Cannot find ${xpath} element</arg>
<doc>Runs the specified keyword and retries if it fails.</doc>
<kw name="Wait Until Element Is Visible" library="SeleniumLibrary">
<arg>${xpath}</arg>
<arg>${timeout}</arg>
<arg>error= Cannot find ${xpath} element</arg>
<doc>Waits until the element ``locator`` is visible.</doc>
<status status="PASS" starttime="20230510 09:36:27.368" endtime="20230510 09:36:27.398"/>
</kw>
<status status="PASS" starttime="20230510 09:36:27.367" endtime="20230510 09:36:27.398"/>
</kw>
<status status="PASS" starttime="20230510 09:36:27.366" endtime="20230510 09:36:27.398"/>
</kw>
<kw name="Click Element" library="SeleniumLibrary">
<arg>${xpath}</arg>
<doc>Click the element identified by ``locator``.</doc>
<msg timestamp="20230510 09:36:27.399" level="INFO">Clicking element '//a[@href='/register']'.</msg>
<status status="PASS" starttime="20230510 09:36:27.398" endtime="20230510 09:36:27.450"/>
</kw>
<status status="PASS" starttime="20230510 09:36:27.364" endtime="20230510 09:36:27.450"/>
</kw>
<kw name="Get Browser Aliases" library="SeleniumLibrary">
<var>${adsesy_alias}</var>
<doc>Returns aliases of all active browser that has an alias as NormalizedDict.
The dictionary contains the aliases as keys and the index as value.
This can be accessed as dictionary ``${aliases.key}`` or as list ``@{aliases}[0]``.</doc>
<msg timestamp="20230510 09:36:27.451" level="INFO">${adsesy_alias} = {'adsesy': 1}</msg>
<status status="PASS" starttime="20230510 09:36:27.450" endtime="20230510 09:36:27.451"/>
</kw>
<kw name="Wait until element is visibled on the screen" library="element_common">
<arg>${btn_signUp}</arg>
<kw name="Wait Until Keyword Succeeds" library="BuiltIn">
<arg>${timeout}</arg>
<arg>${time_retry}</arg>
<arg>Wait Until Element Is Visible</arg>
<arg>${xpath}</arg>
<arg>${timeout}</arg>
<arg>error= Cannot find ${xpath} element</arg>
<doc>Runs the specified keyword and retries if it fails.</doc>
<kw name="Wait Until Element Is Visible" library="SeleniumLibrary">
<arg>${xpath}</arg>
<arg>${timeout}</arg>
<arg>error= Cannot find ${xpath} element</arg>
<doc>Waits until the element ``locator`` is visible.</doc>
<status status="PASS" starttime="20230510 09:36:27.452" endtime="20230510 09:36:27.467"/>
</kw>
<status status="PASS" starttime="20230510 09:36:27.451" endtime="20230510 09:36:27.467"/>
</kw>
<status status="PASS" starttime="20230510 09:36:27.451" endtime="20230510 09:36:27.467"/>
</kw>
<kw name="Input text into element" library="element_common">
<arg>${txtbox_newEmail}</arg>
<arg>${newmail}</arg>
<kw name="Wait until element is visibled on the screen" library="element_common">
<arg>${xpath}</arg>
<kw name="Wait Until Keyword Succeeds" library="BuiltIn">
<arg>${timeout}</arg>
<arg>${time_retry}</arg>
<arg>Wait Until Element Is Visible</arg>
<arg>${xpath}</arg>
<arg>${timeout}</arg>
<arg>error= Cannot find ${xpath} element</arg>
<doc>Runs the specified keyword and retries if it fails.</doc>
<kw name="Wait Until Element Is Visible" library="SeleniumLibrary">
<arg>${xpath}</arg>
<arg>${timeout}</arg>
<arg>error= Cannot find ${xpath} element</arg>
<doc>Waits until the element ``locator`` is visible.</doc>
<status status="PASS" starttime="20230510 09:36:27.469" endtime="20230510 09:36:27.489"/>
</kw>
<status status="PASS" starttime="20230510 09:36:27.468" endtime="20230510 09:36:27.489"/>
</kw>
<status status="PASS" starttime="20230510 09:36:27.468" endtime="20230510 09:36:27.489"/>
</kw>
<kw name="Input Text" library="SeleniumLibrary">
<arg>${xpath}</arg>
<arg>${text}</arg>
<doc>Types the given ``text`` into the text field identified by ``locator``.</doc>
<msg timestamp="20230510 09:36:27.490" level="INFO">Typing text 'otp.kienn26123@ruu.kr' into text field '//input[@placeholder="Email"]'.</msg>
<status status="PASS" starttime="20230510 09:36:27.489" endtime="20230510 09:36:27.583"/>
</kw>
<status status="PASS" starttime="20230510 09:36:27.468" endtime="20230510 09:36:27.584"/>
</kw>
<kw name="Input text into element" library="element_common">
<arg>${txtbox_newPassword}</arg>
<arg>zxcvbnm.1</arg>
<kw name="Wait until element is visibled on the screen" library="element_common">
<arg>${xpath}</arg>
<kw name="Wait Until Keyword Succeeds" library="BuiltIn">
<arg>${timeout}</arg>
<arg>${time_retry}</arg>
<arg>Wait Until Element Is Visible</arg>
<arg>${xpath}</arg>
<arg>${timeout}</arg>
<arg>error= Cannot find ${xpath} element</arg>
<doc>Runs the specified keyword and retries if it fails.</doc>
<kw name="Wait Until Element Is Visible" library="SeleniumLibrary">
<arg>${xpath}</arg>
<arg>${timeout}</arg>
<arg>error= Cannot find ${xpath} element</arg>
<doc>Waits until the element ``locator`` is visible.</doc>
<status status="PASS" starttime="20230510 09:36:27.585" endtime="20230510 09:36:27.600"/>
</kw>
<status status="PASS" starttime="20230510 09:36:27.585" endtime="20230510 09:36:27.600"/>
</kw>
<status status="PASS" starttime="20230510 09:36:27.584" endtime="20230510 09:36:27.600"/>
</kw>
<kw name="Input Text" library="SeleniumLibrary">
<arg>${xpath}</arg>
<arg>${text}</arg>
<doc>Types the given ``text`` into the text field identified by ``locator``.</doc>
<msg timestamp="20230510 09:36:27.601" level="INFO">Typing text 'zxcvbnm.1' into text field '//input[@autocomplete="new-password"]'.</msg>
<status status="PASS" starttime="20230510 09:36:27.601" endtime="20230510 09:36:27.653"/>
</kw>
<status status="PASS" starttime="20230510 09:36:27.584" endtime="20230510 09:36:27.654"/>
</kw>
<kw name="Input text into element" library="element_common">
<arg>${txtbox_userName}</arg>
<arg>Nhung123</arg>
<kw name="Wait until element is visibled on the screen" library="element_common">
<arg>${xpath}</arg>
<kw name="Wait Until Keyword Succeeds" library="BuiltIn">
<arg>${timeout}</arg>
<arg>${time_retry}</arg>
<arg>Wait Until Element Is Visible</arg>
<arg>${xpath}</arg>
<arg>${timeout}</arg>
<arg>error= Cannot find ${xpath} element</arg>
<doc>Runs the specified keyword and retries if it fails.</doc>
<kw name="Wait Until Element Is Visible" library="SeleniumLibrary">
<arg>${xpath}</arg>
<arg>${timeout}</arg>
<arg>error= Cannot find ${xpath} element</arg>
<doc>Waits until the element ``locator`` is visible.</doc>
<status status="PASS" starttime="20230510 09:36:27.655" endtime="20230510 09:36:27.670"/>
</kw>
<status status="PASS" starttime="20230510 09:36:27.654" endtime="20230510 09:36:27.670"/>
</kw>
<status status="PASS" starttime="20230510 09:36:27.654" endtime="20230510 09:36:27.670"/>
</kw>
<kw name="Input Text" library="SeleniumLibrary">
<arg>${xpath}</arg>
<arg>${text}</arg>
<doc>Types the given ``text`` into the text field identified by ``locator``.</doc>
<msg timestamp="20230510 09:36:27.671" level="INFO">Typing text 'Nhung123' into text field '(//input[@class="input_form h-14 pl-4 rounded-full"])[3]'.</msg>
<status status="PASS" starttime="20230510 09:36:27.670" endtime="20230510 09:36:27.727"/>
</kw>
<status status="PASS" starttime="20230510 09:36:27.654" endtime="20230510 09:36:27.727"/>
</kw>
<kw name="Sleep" library="BuiltIn">
<arg>3s</arg>
<doc>Pauses the test executed for the given time.</doc>
<msg timestamp="20230510 09:36:30.728" level="INFO">Slept 3 seconds</msg>
<status status="PASS" starttime="20230510 09:36:27.727" endtime="20230510 09:36:30.728"/>
</kw>
<status status="PASS" starttime="20230510 09:36:27.362" endtime="20230510 09:36:30.728"/>
</kw>
<kw name="Click on element on the screen" library="element_common">
<arg>${btn_signUp}</arg>
<kw name="Wait until element is visibled on the screen" library="element_common">
<arg>${xpath}</arg>
<kw name="Wait Until Keyword Succeeds" library="BuiltIn">
<arg>${timeout}</arg>
<arg>${time_retry}</arg>
<arg>Wait Until Element Is Visible</arg>
<arg>${xpath}</arg>
<arg>${timeout}</arg>
<arg>error= Cannot find ${xpath} element</arg>
<doc>Runs the specified keyword and retries if it fails.</doc>
<kw name="Wait Until Element Is Visible" library="SeleniumLibrary">
<arg>${xpath}</arg>
<arg>${timeout}</arg>
<arg>error= Cannot find ${xpath} element</arg>
<doc>Waits until the element ``locator`` is visible.</doc>
<status status="PASS" starttime="20230510 09:36:30.730" endtime="20230510 09:36:30.745"/>
</kw>
<status status="PASS" starttime="20230510 09:36:30.729" endtime="20230510 09:36:30.745"/>
</kw>
<status status="PASS" starttime="20230510 09:36:30.729" endtime="20230510 09:36:30.745"/>
</kw>
<kw name="Click Element" library="SeleniumLibrary">
<arg>${xpath}</arg>
<doc>Click the element identified by ``locator``.</doc>
<msg timestamp="20230510 09:36:30.746" level="INFO">Clicking element '//div[@class="btn_register rounded-full w-full cursor-pointer"]'.</msg>
<status status="PASS" starttime="20230510 09:36:30.745" endtime="20230510 09:36:30.782"/>
</kw>
<status status="PASS" starttime="20230510 09:36:30.729" endtime="20230510 09:36:30.782"/>
</kw>
<kw name="Wait Until Element Is Visible" library="SeleniumLibrary">
<arg>${txtbox_OTP}</arg>
<doc>Waits until the element ``locator`` is visible.</doc>
<status status="PASS" starttime="20230510 09:36:30.782" endtime="20230510 09:36:33.638"/>
</kw>
<kw name="Open Browser" library="SeleniumLibrary">
<arg>https://test.adsesy.com/login/</arg>
<arg>chrome</arg>
<arg>adsesy_new</arg>
<doc>Opens a new browser instance to the optional ``url``.</doc>
<msg timestamp="20230510 09:36:33.639" level="INFO">Opening browser 'chrome' to base url 'https://test.adsesy.com/login/'.</msg>
<msg timestamp="20230510 09:36:33.653" level="INFO">Executing: C:\Users\ByDuo\AppData\Local\Packages\PythonSoftwareFoundation.Python.3.11_qbz5n2kfra8p0\LocalCache\local-packages\Python311\site-packages\selenium\webdriver\common\windows\selenium-manager.exe --browser chrome --output json</msg>
<status status="PASS" starttime="20230510 09:36:33.639" endtime="20230510 09:36:39.313"/>
</kw>
<kw name="Input username and password" library="loginScreen_keywords">
<arg>${mail}123@ruu.kr</arg>
<kw name="Click on element on the screen" library="element_common">
<arg>${txtbox_Email}</arg>
<kw name="Wait until element is visibled on the screen" library="element_common">
<arg>${xpath}</arg>
<kw name="Wait Until Keyword Succeeds" library="BuiltIn">
<arg>${timeout}</arg>
<arg>${time_retry}</arg>
<arg>Wait Until Element Is Visible</arg>
<arg>${xpath}</arg>
<arg>${timeout}</arg>
<arg>error= Cannot find ${xpath} element</arg>
<doc>Runs the specified keyword and retries if it fails.</doc>
<kw name="Wait Until Element Is Visible" library="SeleniumLibrary">
<arg>${xpath}</arg>
<arg>${timeout}</arg>
<arg>error= Cannot find ${xpath} element</arg>
<doc>Waits until the element ``locator`` is visible.</doc>
<status status="PASS" starttime="20230510 09:36:39.315" endtime="20230510 09:36:39.338"/>
</kw>
<status status="PASS" starttime="20230510 09:36:39.314" endtime="20230510 09:36:39.338"/>
</kw>
<status status="PASS" starttime="20230510 09:36:39.314" endtime="20230510 09:36:39.338"/>
</kw>
<kw name="Click Element" library="SeleniumLibrary">
<arg>${xpath}</arg>
<doc>Click the element identified by ``locator``.</doc>
<msg timestamp="20230510 09:36:39.339" level="INFO">Clicking element '//input[@placeholder='Email']'.</msg>
<status status="PASS" starttime="20230510 09:36:39.338" endtime="20230510 09:36:39.376"/>
</kw>
<status status="PASS" starttime="20230510 09:36:39.314" endtime="20230510 09:36:39.376"/>
</kw>
<kw name="Input text into element" library="element_common">
<arg>${txtbox_Email}</arg>
<arg>${mail}@ruu.kr</arg>
<kw name="Wait until element is visibled on the screen" library="element_common">
<arg>${xpath}</arg>
<kw name="Wait Until Keyword Succeeds" library="BuiltIn">
<arg>${timeout}</arg>
<arg>${time_retry}</arg>
<arg>Wait Until Element Is Visible</arg>
<arg>${xpath}</arg>
<arg>${timeout}</arg>
<arg>error= Cannot find ${xpath} element</arg>
<doc>Runs the specified keyword and retries if it fails.</doc>
<kw name="Wait Until Element Is Visible" library="SeleniumLibrary">
<arg>${xpath}</arg>
<arg>${timeout}</arg>
<arg>error= Cannot find ${xpath} element</arg>
<doc>Waits until the element ``locator`` is visible.</doc>
<status status="PASS" starttime="20230510 09:36:39.378" endtime="20230510 09:36:39.392"/>
</kw>
<status status="PASS" starttime="20230510 09:36:39.377" endtime="20230510 09:36:39.392"/>
</kw>
<status status="PASS" starttime="20230510 09:36:39.377" endtime="20230510 09:36:39.392"/>
</kw>
<kw name="Input Text" library="SeleniumLibrary">
<arg>${xpath}</arg>
<arg>${text}</arg>
<doc>Types the given ``text`` into the text field identified by ``locator``.</doc>
<msg timestamp="20230510 09:36:39.393" level="INFO">Typing text 'otp.kienn26123@ruu.kr@ruu.kr' into text field '//input[@placeholder='Email']'.</msg>
<status status="PASS" starttime="20230510 09:36:39.393" endtime="20230510 09:36:39.481"/>
</kw>
<status status="PASS" starttime="20230510 09:36:39.376" endtime="20230510 09:36:39.481"/>
</kw>
<kw name="Click on element on the screen" library="element_common">
<arg>${txtbox_Password}</arg>
<kw name="Wait until element is visibled on the screen" library="element_common">
<arg>${xpath}</arg>
<kw name="Wait Until Keyword Succeeds" library="BuiltIn">
<arg>${timeout}</arg>
<arg>${time_retry}</arg>
<arg>Wait Until Element Is Visible</arg>
<arg>${xpath}</arg>
<arg>${timeout}</arg>
<arg>error= Cannot find ${xpath} element</arg>
<doc>Runs the specified keyword and retries if it fails.</doc>
<kw name="Wait Until Element Is Visible" library="SeleniumLibrary">
<arg>${xpath}</arg>
<arg>${timeout}</arg>
<arg>error= Cannot find ${xpath} element</arg>
<doc>Waits until the element ``locator`` is visible.</doc>
<status status="PASS" starttime="20230510 09:36:39.483" endtime="20230510 09:36:39.499"/>
</kw>
<status status="PASS" starttime="20230510 09:36:39.482" endtime="20230510 09:36:39.500"/>
</kw>
<status status="PASS" starttime="20230510 09:36:39.482" endtime="20230510 09:36:39.500"/>
</kw>
<kw name="Click Element" library="SeleniumLibrary">
<arg>${xpath}</arg>
<doc>Click the element identified by ``locator``.</doc>
<msg timestamp="20230510 09:36:39.500" level="INFO">Clicking element '//input[@type='password']'.</msg>
<status status="PASS" starttime="20230510 09:36:39.500" endtime="20230510 09:36:39.529"/>
</kw>
<status status="PASS" starttime="20230510 09:36:39.481" endtime="20230510 09:36:39.529"/>
</kw>
<kw name="Input text into element" library="element_common">
<arg>${txtbox_password}</arg>
<arg>zxcvbnm.1</arg>
<kw name="Wait until element is visibled on the screen" library="element_common">
<arg>${xpath}</arg>
<kw name="Wait Until Keyword Succeeds" library="BuiltIn">
<arg>${timeout}</arg>
<arg>${time_retry}</arg>
<arg>Wait Until Element Is Visible</arg>
<arg>${xpath}</arg>
<arg>${timeout}</arg>
<arg>error= Cannot find ${xpath} element</arg>
<doc>Runs the specified keyword and retries if it fails.</doc>
<kw name="Wait Until Element Is Visible" library="SeleniumLibrary">
<arg>${xpath}</arg>
<arg>${timeout}</arg>
<arg>error= Cannot find ${xpath} element</arg>
<doc>Waits until the element ``locator`` is visible.</doc>
<status status="PASS" starttime="20230510 09:36:39.530" endtime="20230510 09:36:39.541"/>
</kw>
<status status="PASS" starttime="20230510 09:36:39.530" endtime="20230510 09:36:39.542"/>
</kw>
<status status="PASS" starttime="20230510 09:36:39.529" endtime="20230510 09:36:39.542"/>
</kw>
<kw name="Input Text" library="SeleniumLibrary">
<arg>${xpath}</arg>
<arg>${text}</arg>
<doc>Types the given ``text`` into the text field identified by ``locator``.</doc>
<msg timestamp="20230510 09:36:39.543" level="INFO">Typing text 'zxcvbnm.1' into text field '//input[@type='password']'.</msg>
<status status="PASS" starttime="20230510 09:36:39.542" endtime="20230510 09:36:39.586"/>
</kw>
<status status="PASS" starttime="20230510 09:36:39.529" endtime="20230510 09:36:39.586"/>
</kw>
<status status="PASS" starttime="20230510 09:36:39.313" endtime="20230510 09:36:39.586"/>
</kw>
<kw name="Click on element on the screen" library="element_common">
<arg>${btn_logIn}</arg>
<kw name="Wait until element is visibled on the screen" library="element_common">
<arg>${xpath}</arg>
<kw name="Wait Until Keyword Succeeds" library="BuiltIn">
<arg>${timeout}</arg>
<arg>${time_retry}</arg>
<arg>Wait Until Element Is Visible</arg>
<arg>${xpath}</arg>
<arg>${timeout}</arg>
<arg>error= Cannot find ${xpath} element</arg>
<doc>Runs the specified keyword and retries if it fails.</doc>
<kw name="Wait Until Element Is Visible" library="SeleniumLibrary">
<arg>${xpath}</arg>
<arg>${timeout}</arg>
<arg>error= Cannot find ${xpath} element</arg>
<doc>Waits until the element ``locator`` is visible.</doc>
<status status="PASS" starttime="20230510 09:36:39.588" endtime="20230510 09:36:39.604"/>
</kw>
<status status="PASS" starttime="20230510 09:36:39.588" endtime="20230510 09:36:39.604"/>
</kw>
<status status="PASS" starttime="20230510 09:36:39.587" endtime="20230510 09:36:39.605"/>
</kw>
<kw name="Click Element" library="SeleniumLibrary">
<arg>${xpath}</arg>
<doc>Click the element identified by ``locator``.</doc>
<msg timestamp="20230510 09:36:39.605" level="INFO">Clicking element '//button/div[@class='flex items-center justify-center']'.</msg>
<status status="PASS" starttime="20230510 09:36:39.605" endtime="20230510 09:36:39.638"/>
</kw>
<status status="PASS" starttime="20230510 09:36:39.587" endtime="20230510 09:36:39.639"/>
</kw>
<kw name="Sleep" library="BuiltIn">
<arg>30s</arg>
<doc>Pauses the test executed for the given time.</doc>
<msg timestamp="20230510 09:37:09.640" level="INFO">Slept 30 seconds</msg>
<status status="PASS" starttime="20230510 09:36:39.639" endtime="20230510 09:37:09.640"/>
</kw>
<status status="PASS" starttime="20230510 09:36:21.418" endtime="20230510 09:37:09.641"/>
</test>
<status status="PASS" starttime="20230510 09:36:21.255" endtime="20230510 09:37:09.642"/>
</suite>
<status status="PASS" starttime="20230510 09:36:21.253" endtime="20230510 09:37:09.645"/>
</suite>
<status status="PASS" starttime="20230510 09:36:21.250" endtime="20230510 09:37:09.646"/>
</suite>
<status status="PASS" starttime="20230510 09:36:21.222" endtime="20230510 09:37:09.648"/>
</suite>
<statistics>
<total>
<stat pass="1" fail="0" skip="0">All Tests</stat>
</total>
<tag>
</tag>
<suite>
<stat pass="1" fail="0" skip="0" id="s1" name="Adsesy robot">Adsesy robot</stat>
<stat pass="1" fail="0" skip="0" id="s1-s1" name="Testcases">Adsesy robot.Testcases</stat>
<stat pass="1" fail="0" skip="0" id="s1-s1-s1" name="loginScreen">Adsesy robot.Testcases.loginScreen</stat>
<stat pass="1" fail="0" skip="0" id="s1-s1-s1-s1" name="Login Valid">Adsesy robot.Testcases.loginScreen.Login Valid</stat>
</suite>
</statistics>
<errors>
<msg timestamp="20230510 09:36:21.388" level="ERROR">Error in file 'D:\Project\project\Adsesy\Adsesy_robot\common\resource_common.robot' on line 5: Resource file '..\..\common\common_use.robot' does not exist.</msg>
<msg timestamp="20230510 09:36:21.390" level="ERROR">Error in file 'D:\Project\project\Adsesy\Adsesy_robot\common\resource_common.robot' on line 6: Resource file '..\..\common\element_common.robot' does not exist.</msg>
<msg timestamp="20230510 09:36:21.394" level="ERROR">Error in file 'D:\Project\project\Adsesy\Adsesy_robot\common\resource_common.robot' on line 7: Resource file '..\..\common\resource_common.robot' does not exist.</msg>
<msg timestamp="20230510 09:36:21.399" level="ERROR">Error in file 'D:\Project\project\Adsesy\Adsesy_robot\common\resource_common.robot' on line 11: Resource file '..\..\locators\loginscreen_locators.robot' does not exist.</msg>
<msg timestamp="20230510 09:36:21.401" level="ERROR">Error in file 'D:\Project\project\Adsesy\Adsesy_robot\common\resource_common.robot' on line 12: Resource file '..\..\locators\otpscreen_locators.robot' does not exist.</msg>
<msg timestamp="20230510 09:36:21.403" level="ERROR">Error in file 'D:\Project\project\Adsesy\Adsesy_robot\common\resource_common.robot' on line 13: Resource file '..\..\locators\singUpscreen_locators.robot' does not exist.</msg>
<msg timestamp="20230510 09:36:21.409" level="ERROR">Error in file 'D:\Project\project\Adsesy\Adsesy_robot\common\resource_common.robot' on line 16: Resource file '..\..\keywords\loginScreen_keywords.robot' does not exist.</msg>
<msg timestamp="20230510 09:36:21.412" level="ERROR">Error in file 'D:\Project\project\Adsesy\Adsesy_robot\common\resource_common.robot' on line 17: Resource file '..\testcases\loginScreenlogin_invalid.robot' does not exist.</msg>
</errors>
</robot>
